INFO: [VRFC 10-163] Analyzing VHDL file "D:/Final Project/Maze/project_1.srcs/sources_1/new/ALU.vhd" into library xil_defaultlib
INFO: [VRFC 10-307] analyzing entity ALU
INFO: [VRFC 10-163] Analyzing VHDL file "D:/Final Project/Maze/project_1.srcs/sources_1/new/Control_Unit.vhd" into library xil_defaultlib
INFO: [VRFC 10-307] analyzing entity CONTROL_UNIT
INFO: [VRFC 10-163] Analyzing VHDL file "D:/Final Project/Maze/project_1.srcs/sources_1/new/Reg_File.vhd" into library xil_defaultlib
INFO: [VRFC 10-307] analyzing entity RegisterFile
INFO: [VRFC 10-163] Analyzing VHDL file "D:/Final Project/Maze/project_1.srcs/sources_1/new/prog_rom.vhd" into library xil_defaultlib
INFO: [VRFC 10-307] analyzing entity prog_rom
INFO: [VRFC 10-163] Analyzing VHDL file "D:/Final Project/Maze/project_1.srcs/sources_1/new/PC.vhd" into library xil_defaultlib
INFO: [VRFC 10-307] analyzing entity PC
INFO: [VRFC 10-163] Analyzing VHDL file "D:/Final Project/Maze/project_1.srcs/sources_1/new/ProgramCounter.vhd" into library xil_defaultlib
INFO: [VRFC 10-307] analyzing entity ProgramCounter
INFO: [VRFC 10-163] Analyzing VHDL file "D:/Final Project/Maze/project_1.srcs/sources_1/new/ALUwithMUX.vhd" into library xil_defaultlib
INFO: [VRFC 10-307] analyzing entity ALUwithMUX
INFO: [VRFC 10-163] Analyzing VHDL file "D:/Final Project/Maze/project_1.srcs/sources_1/new/MCU.vhd" into library xil_defaultlib
INFO: [VRFC 10-307] analyzing entity MCU
INFO: [VRFC 10-163] Analyzing VHDL file "D:/Final Project/Maze/project_1.srcs/sources_1/new/RAT_wrapper.vhd" into library xil_defaultlib
INFO: [VRFC 10-307] analyzing entity RAT_wrapper
INFO: [VRFC 10-163] Analyzing VHDL file "D:/Final Project/Maze/project_1.srcs/sources_1/new/SCR.vhd" into library xil_defaultlib
INFO: [VRFC 10-307] analyzing entity SCR
INFO: [VRFC 10-163] Analyzing VHDL file "D:/Final Project/Maze/project_1.srcs/sources_1/new/SCR_ADDR_MUX.vhd" into library xil_defaultlib
INFO: [VRFC 10-307] analyzing entity SCR_ADDR_MUX
INFO: [VRFC 10-163] Analyzing VHDL file "D:/Final Project/Maze/project_1.srcs/sources_1/new/SCR_DIN_MUX.vhd" into library xil_defaultlib
INFO: [VRFC 10-307] analyzing entity SCR_DIN_MUX
INFO: [VRFC 10-163] Analyzing VHDL file "D:/Final Project/Maze/project_1.srcs/sources_1/new/SP.vhd" into library xil_defaultlib
INFO: [VRFC 10-307] analyzing entity SP
INFO: [VRFC 10-163] Analyzing VHDL file "D:/Final Project/Maze/project_1.srcs/sources_1/imports/Desktop/FLAGS.vhd" into library xil_defaultlib
INFO: [VRFC 10-307] analyzing entity FLAGS
INFO: [VRFC 10-307] analyzing entity mux2to1
INFO: [VRFC 10-163] Analyzing VHDL file "D:/Final Project/Maze/project_1.srcs/sources_1/imports/Desktop/Flag_Reg_3_00.vhd" into library xil_defaultlib
INFO: [VRFC 10-307] analyzing entity FlagReg
INFO: [VRFC 10-163] Analyzing VHDL file "D:/Final Project/Maze/project_1.srcs/sources_1/new/counter_db.vhd" into library xil_defaultlib
INFO: [VRFC 10-307] analyzing entity counter
INFO: [VRFC 10-163] Analyzing VHDL file "D:/Final Project/Maze/project_1.srcs/sources_1/new/db_1shot.vhd" into library xil_defaultlib
INFO: [VRFC 10-307] analyzing entity db_1shot_FSM
INFO: [VRFC 10-163] Analyzing VHDL file "D:/Final Project/Maze/project_1.srcs/sources_1/new/VGA_Driver.vhd" into library xil_defaultlib
INFO: [VRFC 10-307] analyzing entity VGAdrive
INFO: [VRFC 10-163] Analyzing VHDL file "D:/Final Project/Maze/project_1.srcs/sources_1/new/vga_clk_div.vhd" into library xil_defaultlib
INFO: [VRFC 10-307] analyzing entity vga_clk_div
INFO: [VRFC 10-163] Analyzing VHDL file "D:/Final Project/Maze/project_1.srcs/sources_1/new/vga_RAM.vhd" into library xil_defaultlib
INFO: [VRFC 10-307] analyzing entity ramVGA
INFO: [VRFC 10-163] Analyzing VHDL file "D:/Final Project/Maze/project_1.srcs/sources_1/new/VGA_buffer_Driver.vhd" into library xil_defaultlib
INFO: [VRFC 10-307] analyzing entity vgaDriverBuffer
INFO: [VRFC 10-163] Analyzing VHDL file "D:/Final Project/Maze/project_1.srcs/sim_1/new/testbench.vhd" into library xil_defaultlib
INFO: [VRFC 10-307] analyzing entity testbench
